<?xml version="1.0" encoding="utf-8"?>
<coverage line-rate="0.75" branch-rate="0.5" version="1.9" timestamp="1769335192" lines-covered="300" lines-valid="400" branches-covered="50" branches-valid="100">
  <sources>
    <source>/home/user/project/src/MyLibrary/</source>
  </sources>
  <packages>
    <package name="MyLibrary" line-rate="0.75" branch-rate="0.5" complexity="10">
      <classes>
        <class name="MyLibrary.Services.UserService" filename="Services/UserService.cs" line-rate="1" branch-rate="1" complexity="3">
          <methods>
            <method name="GetUser" signature="(int)" line-rate="1" branch-rate="1" complexity="1">
              <lines>
                <line number="10" hits="5" branch="False" />
                <line number="11" hits="5" branch="False" />
                <line number="12" hits="5" branch="False" />
              </lines>
            </method>
          </methods>
          <lines>
            <line number="10" hits="5" branch="False" />
            <line number="11" hits="5" branch="False" />
            <line number="12" hits="5" branch="False" />
          </lines>
        </class>
        <class name="MyLibrary.Services.OrderService" filename="Services/OrderService.cs" line-rate="0.5" branch-rate="0.5" complexity="4">
          <methods>
            <method name="CreateOrder" signature="(Order)" line-rate="1" branch-rate="1" complexity="2">
              <lines>
                <line number="20" hits="3" branch="False" />
                <line number="21" hits="3" branch="True" condition-coverage="100% (2/2)">
                  <conditions>
                    <condition number="1" type="jump" coverage="100%" />
                  </conditions>
                </line>
              </lines>
            </method>
            <method name="DeleteOrder" signature="(int)" line-rate="0" branch-rate="0" complexity="1">
              <lines>
                <line number="30" hits="0" branch="False" />
                <line number="31" hits="0" branch="False" />
              </lines>
            </method>
          </methods>
          <lines>
            <line number="20" hits="3" branch="False" />
            <line number="21" hits="3" branch="True" condition-coverage="100% (2/2)">
              <conditions>
                <condition number="1" type="jump" coverage="100%" />
              </conditions>
            </line>
            <line number="30" hits="0" branch="False" />
            <line number="31" hits="0" branch="False" />
          </lines>
        </class>
        <class name="MyLibrary.Models.User" filename="Models/User.cs" line-rate="0" branch-rate="0" complexity="1">
          <methods />
          <lines>
            <line number="5" hits="0" branch="False" />
            <line number="6" hits="0" branch="False" />
          </lines>
        </class>
        <class name="MyLibrary.Helpers.StringHelper" filename="Helpers/StringHelper.cs" line-rate="1" branch-rate="1" complexity="1">
          <methods>
            <method name="Capitalize" signature="(string)" line-rate="1" branch-rate="1" complexity="1">
              <lines>
                <line number="8" hits="10" branch="False" />
              </lines>
            </method>
          </methods>
          <lines>
            <line number="8" hits="10" branch="False" />
          </lines>
        </class>
      </classes>
    </package>
  </packages>
</coverage>
